2022-09-18 03:22:11,125 INFO org.springframework.boot.StartupInfoLogger [main] Starting AuthorizationSystemApplication using Java 11.0.3 on DESKTOP-S6VEBAB with PID 10996 (C:\Users\Sachin Hooda\Documents\sonu-poc\authorization-system-app\target\classes started by Sachin Hooda in C:\Users\Sachin Hooda\Documents\sonu-poc\authorization-system-app)
2022-09-18 03:22:11,132 INFO org.springframework.boot.SpringApplication [main] No active profile set, falling back to 1 default profile: "default"
2022-09-18 03:22:12,480 INFO org.springframework.data.repository.config.RepositoryConfigurationDelegate [main] Bootstrapping Spring Data JPA repositories in DEFAULT mode.
2022-09-18 03:22:12,573 INFO org.springframework.data.repository.config.RepositoryConfigurationDelegate [main] Finished Spring Data repository scanning in 79 ms. Found 2 JPA repository interfaces.
2022-09-18 03:22:13,891 INFO org.springframework.boot.web.embedded.tomcat.TomcatWebServer [main] Tomcat initialized with port(s): 8085 (http)
2022-09-18 03:22:13,909 INFO org.apache.juli.logging.DirectJDKLog [main] Initializing ProtocolHandler ["http-nio-8085"]
2022-09-18 03:22:13,910 INFO org.apache.juli.logging.DirectJDKLog [main] Starting service [Tomcat]
2022-09-18 03:22:13,911 INFO org.apache.juli.logging.DirectJDKLog [main] Starting Servlet engine: [Apache Tomcat/9.0.65]
2022-09-18 03:22:14,105 INFO org.apache.juli.logging.DirectJDKLog [main] Initializing Spring embedded WebApplicationContext
2022-09-18 03:22:14,107 INFO org.springframework.boot.web.servlet.context.ServletWebServerApplicationContext [main] Root WebApplicationContext: initialization completed in 2907 ms
2022-09-18 03:22:14,423 INFO org.hibernate.jpa.internal.util.LogHelper [main] HHH000204: Processing PersistenceUnitInfo [name: default]
2022-09-18 03:22:14,526 INFO org.hibernate.Version [main] HHH000412: Hibernate ORM core version 5.6.10.Final
2022-09-18 03:22:14,810 INFO org.hibernate.annotations.common.reflection.java.JavaReflectionManager [main] HCANN000001: Hibernate Commons Annotations {5.1.2.Final}
2022-09-18 03:22:14,981 INFO com.zaxxer.hikari.HikariDataSource [main] HikariPool-1 - Starting...
2022-09-18 03:22:15,263 INFO com.zaxxer.hikari.HikariDataSource [main] HikariPool-1 - Start completed.
2022-09-18 03:22:15,292 INFO org.hibernate.dialect.Dialect [main] HHH000400: Using dialect: org.hibernate.dialect.PostgreSQL81Dialect
2022-09-18 03:22:16,367 INFO org.hibernate.tool.schema.internal.exec.AbstractScriptSourceInput [main] HHH000476: Executing import script 'file:/C:/Users/Sachin%20Hooda/Documents/sonu-poc/authorization-system-app/target/classes/import.sql'
2022-09-18 03:22:16,377 INFO org.hibernate.engine.transaction.jta.platform.internal.JtaPlatformInitiator [main] HHH000490: Using JtaPlatform implementation: [org.hibernate.engine.transaction.jta.platform.internal.NoJtaPlatform]
2022-09-18 03:22:16,403 INFO org.springframework.orm.jpa.AbstractEntityManagerFactoryBean [main] Initialized JPA EntityManagerFactory for persistence unit 'default'
2022-09-18 03:22:17,371 WARN org.springframework.boot.autoconfigure.orm.jpa.JpaBaseConfiguration$JpaWebConfiguration [main] spring.jpa.open-in-view is enabled by default. Therefore, database queries may be performed during view rendering. Explicitly configure spring.jpa.open-in-view to disable this warning
2022-09-18 03:22:17,672 INFO springfox.documentation.spring.web.PropertySourcedRequestMappingHandlerMapping [main] Mapped URL path [/v2/api-docs] onto method [springfox.documentation.swagger2.web.Swagger2Controller#getDocumentation(String, HttpServletRequest)]
2022-09-18 03:22:17,788 INFO org.springframework.security.web.DefaultSecurityFilterChain [main] Will secure any request with [org.springframework.security.web.session.DisableEncodeUrlFilter@5aec151b, org.springframework.security.web.context.request.async.WebAsyncManagerIntegrationFilter@74cf2d5f, org.springframework.security.web.context.SecurityContextPersistenceFilter@3f1d4ecf, org.springframework.security.web.header.HeaderWriterFilter@42fdf45e, org.springframework.web.filter.CorsFilter@14b9817b, org.springframework.security.web.authentication.logout.LogoutFilter@2433bcd4, com.sonu.authorizationsystem.jwt.AuthTokenFilter@62264d4f, org.springframework.security.web.savedrequest.RequestCacheAwareFilter@4e53c6ef, org.springframework.security.web.servletapi.SecurityContextHolderAwareRequestFilter@6164b3a2, org.springframework.security.web.authentication.AnonymousAuthenticationFilter@3052395d, org.springframework.security.web.session.SessionManagementFilter@341c0dfc, org.springframework.security.web.access.ExceptionTranslationFilter@7156f8cf, org.springframework.security.web.access.intercept.FilterSecurityInterceptor@4e3c0627]
2022-09-18 03:22:18,122 INFO org.apache.juli.logging.DirectJDKLog [main] Starting ProtocolHandler ["http-nio-8085"]
2022-09-18 03:22:18,147 INFO org.springframework.boot.web.embedded.tomcat.TomcatWebServer [main] Tomcat started on port(s): 8085 (http) with context path '/authorization-system'
2022-09-18 03:22:18,150 INFO springfox.documentation.spring.web.plugins.DocumentationPluginsBootstrapper [main] Context refreshed
2022-09-18 03:22:18,173 INFO springfox.documentation.spring.web.plugins.DocumentationPluginsBootstrapper [main] Found 1 custom documentation plugin(s)
2022-09-18 03:22:18,216 INFO springfox.documentation.spring.web.scanners.ApiListingReferenceScanner [main] Scanning for api listing references
2022-09-18 03:22:18,470 INFO org.springframework.boot.StartupInfoLogger [main] Started AuthorizationSystemApplication in 8.101 seconds (JVM running for 8.859)
2022-09-18 03:23:46,614 INFO org.apache.juli.logging.DirectJDKLog [http-nio-8085-exec-2] Initializing Spring DispatcherServlet 'dispatcherServlet'
2022-09-18 03:23:46,618 INFO org.springframework.web.servlet.FrameworkServlet [http-nio-8085-exec-2] Initializing Servlet 'dispatcherServlet'
2022-09-18 03:23:46,620 INFO org.springframework.web.servlet.FrameworkServlet [http-nio-8085-exec-2] Completed initialization in 1 ms
2022-09-18 03:23:46,668 ERROR com.sonu.authorizationsystem.jwt.AuthTokenFilter [http-nio-8085-exec-2] JWT token not found in request header
2022-09-18 03:23:46,685 ERROR com.sonu.authorizationsystem.jwt.AuthEntryPointJwt [http-nio-8085-exec-2] Unauthorized error: Full authentication is required to access this resource
2022-09-18 03:23:56,418 ERROR com.sonu.authorizationsystem.jwt.AuthTokenFilter [http-nio-8085-exec-3] JWT token not found in request header
2022-09-18 03:23:56,482 ERROR com.sonu.authorizationsystem.jwt.AuthTokenFilter [http-nio-8085-exec-4] JWT token not found in request header
2022-09-18 03:23:56,483 ERROR com.sonu.authorizationsystem.jwt.AuthTokenFilter [http-nio-8085-exec-5] JWT token not found in request header
2022-09-18 03:23:56,489 ERROR com.sonu.authorizationsystem.jwt.AuthTokenFilter [http-nio-8085-exec-6] JWT token not found in request header
2022-09-18 03:23:56,490 ERROR com.sonu.authorizationsystem.jwt.AuthTokenFilter [http-nio-8085-exec-7] JWT token not found in request header
2022-09-18 03:23:56,494 ERROR com.sonu.authorizationsystem.jwt.AuthTokenFilter [http-nio-8085-exec-8] JWT token not found in request header
2022-09-18 03:23:56,498 ERROR com.sonu.authorizationsystem.jwt.AuthTokenFilter [http-nio-8085-exec-9] JWT token not found in request header
2022-09-18 03:23:56,504 ERROR com.sonu.authorizationsystem.jwt.AuthTokenFilter [http-nio-8085-exec-6] JWT token not found in request header
2022-09-18 03:23:56,511 ERROR com.sonu.authorizationsystem.jwt.AuthTokenFilter [http-nio-8085-exec-1] JWT token not found in request header
2022-09-18 03:23:56,513 ERROR com.sonu.authorizationsystem.jwt.AuthTokenFilter [http-nio-8085-exec-7] JWT token not found in request header
2022-09-18 03:23:56,513 ERROR com.sonu.authorizationsystem.jwt.AuthTokenFilter [http-nio-8085-exec-8] JWT token not found in request header
2022-09-18 03:23:56,518 ERROR com.sonu.authorizationsystem.jwt.AuthTokenFilter [http-nio-8085-exec-9] JWT token not found in request header
2022-09-18 03:23:56,529 ERROR com.sonu.authorizationsystem.jwt.AuthTokenFilter [http-nio-8085-exec-5] JWT token not found in request header
2022-09-18 03:23:56,530 ERROR com.sonu.authorizationsystem.jwt.AuthTokenFilter [http-nio-8085-exec-3] JWT token not found in request header
2022-09-18 03:23:56,535 ERROR com.sonu.authorizationsystem.jwt.AuthTokenFilter [http-nio-8085-exec-9] JWT token not found in request header
2022-09-18 03:23:56,537 ERROR com.sonu.authorizationsystem.jwt.AuthTokenFilter [http-nio-8085-exec-10] JWT token not found in request header
2022-09-18 03:23:56,542 ERROR com.sonu.authorizationsystem.jwt.AuthTokenFilter [http-nio-8085-exec-6] JWT token not found in request header
2022-09-18 03:23:56,546 ERROR com.sonu.authorizationsystem.jwt.AuthTokenFilter [http-nio-8085-exec-2] JWT token not found in request header
2022-09-18 03:23:56,555 ERROR com.sonu.authorizationsystem.jwt.AuthTokenFilter [http-nio-8085-exec-8] JWT token not found in request header
2022-09-18 03:23:56,674 ERROR com.sonu.authorizationsystem.jwt.AuthTokenFilter [http-nio-8085-exec-7] JWT token not found in request header
2022-09-18 03:23:56,674 ERROR com.sonu.authorizationsystem.jwt.AuthTokenFilter [http-nio-8085-exec-1] JWT token not found in request header
2022-09-18 03:23:56,756 ERROR com.sonu.authorizationsystem.jwt.AuthTokenFilter [http-nio-8085-exec-5] JWT token not found in request header
2022-09-18 03:23:56,800 ERROR com.sonu.authorizationsystem.jwt.AuthTokenFilter [http-nio-8085-exec-10] JWT token not found in request header
2022-09-18 03:23:56,817 ERROR com.sonu.authorizationsystem.jwt.AuthTokenFilter [http-nio-8085-exec-6] JWT token not found in request header
2022-09-18 03:23:57,107 ERROR com.sonu.authorizationsystem.jwt.AuthTokenFilter [http-nio-8085-exec-8] JWT token not found in request header
2022-09-18 03:24:10,922 ERROR com.sonu.authorizationsystem.jwt.AuthTokenFilter [http-nio-8085-exec-2] JWT token not found in request header
2022-09-18 03:24:10,923 ERROR com.sonu.authorizationsystem.jwt.AuthTokenFilter [http-nio-8085-exec-9] JWT token not found in request header
2022-09-18 03:24:52,675 ERROR com.sonu.authorizationsystem.jwt.AuthTokenFilter [http-nio-8085-exec-6] JWT token not found in request header
2022-09-18 03:25:52,402 ERROR com.sonu.authorizationsystem.jwt.AuthTokenFilter [http-nio-8085-exec-8] JWT token not found in request header
2022-09-18 03:28:40,965 INFO org.springframework.orm.jpa.AbstractEntityManagerFactoryBean [SpringApplicationShutdownHook] Closing JPA EntityManagerFactory for persistence unit 'default'
2022-09-18 03:28:40,967 INFO com.zaxxer.hikari.HikariDataSource [SpringApplicationShutdownHook] HikariPool-1 - Shutdown initiated...
2022-09-18 03:28:40,987 INFO com.zaxxer.hikari.HikariDataSource [SpringApplicationShutdownHook] HikariPool-1 - Shutdown completed.
2022-09-18 03:28:48,406 INFO org.springframework.boot.StartupInfoLogger [main] Starting AuthorizationSystemApplication using Java 11.0.3 on DESKTOP-S6VEBAB with PID 8404 (C:\Users\Sachin Hooda\Documents\sonu-poc\authorization-system-app\target\classes started by Sachin Hooda in C:\Users\Sachin Hooda\Documents\sonu-poc\authorization-system-app)
2022-09-18 03:28:48,412 INFO org.springframework.boot.SpringApplication [main] No active profile set, falling back to 1 default profile: "default"
2022-09-18 03:28:49,565 INFO org.springframework.data.repository.config.RepositoryConfigurationDelegate [main] Bootstrapping Spring Data JPA repositories in DEFAULT mode.
2022-09-18 03:28:49,640 INFO org.springframework.data.repository.config.RepositoryConfigurationDelegate [main] Finished Spring Data repository scanning in 62 ms. Found 2 JPA repository interfaces.
2022-09-18 03:28:50,825 INFO org.springframework.boot.web.embedded.tomcat.TomcatWebServer [main] Tomcat initialized with port(s): 8085 (http)
2022-09-18 03:28:50,839 INFO org.apache.juli.logging.DirectJDKLog [main] Initializing ProtocolHandler ["http-nio-8085"]
2022-09-18 03:28:50,841 INFO org.apache.juli.logging.DirectJDKLog [main] Starting service [Tomcat]
2022-09-18 03:28:50,841 INFO org.apache.juli.logging.DirectJDKLog [main] Starting Servlet engine: [Apache Tomcat/9.0.65]
2022-09-18 03:28:51,020 INFO org.apache.juli.logging.DirectJDKLog [main] Initializing Spring embedded WebApplicationContext
2022-09-18 03:28:51,023 INFO org.springframework.boot.web.servlet.context.ServletWebServerApplicationContext [main] Root WebApplicationContext: initialization completed in 2534 ms
2022-09-18 03:28:51,346 INFO org.hibernate.jpa.internal.util.LogHelper [main] HHH000204: Processing PersistenceUnitInfo [name: default]
2022-09-18 03:28:51,430 INFO org.hibernate.Version [main] HHH000412: Hibernate ORM core version 5.6.10.Final
2022-09-18 03:28:51,680 INFO org.hibernate.annotations.common.reflection.java.JavaReflectionManager [main] HCANN000001: Hibernate Commons Annotations {5.1.2.Final}
2022-09-18 03:28:51,811 INFO com.zaxxer.hikari.HikariDataSource [main] HikariPool-1 - Starting...
2022-09-18 03:28:52,036 INFO com.zaxxer.hikari.HikariDataSource [main] HikariPool-1 - Start completed.
2022-09-18 03:28:52,055 INFO org.hibernate.dialect.Dialect [main] HHH000400: Using dialect: org.hibernate.dialect.PostgreSQL81Dialect
2022-09-18 03:28:52,946 INFO org.hibernate.tool.schema.internal.exec.AbstractScriptSourceInput [main] HHH000476: Executing import script 'file:/C:/Users/Sachin%20Hooda/Documents/sonu-poc/authorization-system-app/target/classes/import.sql'
2022-09-18 03:28:52,952 INFO org.hibernate.engine.transaction.jta.platform.internal.JtaPlatformInitiator [main] HHH000490: Using JtaPlatform implementation: [org.hibernate.engine.transaction.jta.platform.internal.NoJtaPlatform]
2022-09-18 03:28:52,958 INFO org.springframework.orm.jpa.AbstractEntityManagerFactoryBean [main] Initialized JPA EntityManagerFactory for persistence unit 'default'
2022-09-18 03:28:53,830 WARN org.springframework.boot.autoconfigure.orm.jpa.JpaBaseConfiguration$JpaWebConfiguration [main] spring.jpa.open-in-view is enabled by default. Therefore, database queries may be performed during view rendering. Explicitly configure spring.jpa.open-in-view to disable this warning
2022-09-18 03:28:54,118 INFO springfox.documentation.spring.web.PropertySourcedRequestMappingHandlerMapping [main] Mapped URL path [/v2/api-docs] onto method [springfox.documentation.swagger2.web.Swagger2Controller#getDocumentation(String, HttpServletRequest)]
2022-09-18 03:28:54,244 INFO org.springframework.security.web.DefaultSecurityFilterChain [main] Will secure any request with [org.springframework.security.web.session.DisableEncodeUrlFilter@5c648e38, org.springframework.security.web.context.request.async.WebAsyncManagerIntegrationFilter@6bc8d8bd, org.springframework.security.web.context.SecurityContextPersistenceFilter@1828ab51, org.springframework.security.web.header.HeaderWriterFilter@2eb31735, org.springframework.web.filter.CorsFilter@395c21ee, org.springframework.security.web.authentication.logout.LogoutFilter@1718de70, com.sonu.authorizationsystem.jwt.AuthTokenFilter@3085befb, org.springframework.security.web.savedrequest.RequestCacheAwareFilter@589a4305, org.springframework.security.web.servletapi.SecurityContextHolderAwareRequestFilter@7568134c, org.springframework.security.web.authentication.AnonymousAuthenticationFilter@1e733bb5, org.springframework.security.web.session.SessionManagementFilter@7156f8cf, org.springframework.security.web.access.ExceptionTranslationFilter@565030b7, org.springframework.security.web.access.intercept.FilterSecurityInterceptor@5eed2edf]
2022-09-18 03:28:54,506 INFO org.apache.juli.logging.DirectJDKLog [main] Starting ProtocolHandler ["http-nio-8085"]
2022-09-18 03:28:54,534 INFO org.springframework.boot.web.embedded.tomcat.TomcatWebServer [main] Tomcat started on port(s): 8085 (http) with context path '/authorization-system'
2022-09-18 03:28:54,537 INFO springfox.documentation.spring.web.plugins.DocumentationPluginsBootstrapper [main] Context refreshed
2022-09-18 03:28:54,560 INFO springfox.documentation.spring.web.plugins.DocumentationPluginsBootstrapper [main] Found 1 custom documentation plugin(s)
2022-09-18 03:28:54,595 INFO springfox.documentation.spring.web.scanners.ApiListingReferenceScanner [main] Scanning for api listing references
2022-09-18 03:28:54,826 INFO org.springframework.boot.StartupInfoLogger [main] Started AuthorizationSystemApplication in 7.103 seconds (JVM running for 7.692)
2022-09-18 03:30:48,373 INFO org.apache.juli.logging.DirectJDKLog [http-nio-8085-exec-1] Initializing Spring DispatcherServlet 'dispatcherServlet'
2022-09-18 03:30:48,376 INFO org.springframework.web.servlet.FrameworkServlet [http-nio-8085-exec-1] Initializing Servlet 'dispatcherServlet'
2022-09-18 03:30:48,378 INFO org.springframework.web.servlet.FrameworkServlet [http-nio-8085-exec-1] Completed initialization in 1 ms
2022-09-18 03:30:48,430 ERROR com.sonu.authorizationsystem.jwt.AuthTokenFilter [http-nio-8085-exec-1] JWT token not found in request header
2022-09-18 03:30:48,921 INFO com.sonu.authorizationsystem.controller.AuthenticationController [http-nio-8085-exec-1] Registering a new user
2022-09-18 03:30:56,538 ERROR com.sonu.authorizationsystem.jwt.AuthTokenFilter [http-nio-8085-exec-2] JWT token not found in request header
2022-09-18 03:31:29,912 INFO org.springframework.orm.jpa.AbstractEntityManagerFactoryBean [SpringApplicationShutdownHook] Closing JPA EntityManagerFactory for persistence unit 'default'
2022-09-18 03:31:29,918 INFO com.zaxxer.hikari.HikariDataSource [SpringApplicationShutdownHook] HikariPool-1 - Shutdown initiated...
2022-09-18 03:31:29,959 INFO com.zaxxer.hikari.HikariDataSource [SpringApplicationShutdownHook] HikariPool-1 - Shutdown completed.
